<?xml version="1.0" encoding="UTF-8"?>
<!-- Generated by org.testng.reporters.JUnitXMLReporter -->
<testsuite hostname="Nans-MacBook.local" ignored="1" name="Regression1" tests="1" failures="1" timestamp="01 May 2018 23:50:00 GMT" time="42.243" errors="0">
  <testcase name="add_item_with_sign_in" time="33.663" classname="test_cases.Add_Item_Test">
    <failure type="java.lang.NullPointerException">
      <![CDATA[java.lang.NullPointerException
	at test_cases.Add_Item_Test.add_item_with_sign_in(Add_Item_Test.java:41)
... Removed 25 stack frames]]>
    </failure>
  </testcase> <!-- add_item_with_sign_in -->
  <testcase name="@BeforeSuite loadConfig" time="0.0" classname="test_cases.BaseTest">
    <ignored/>
  </testcase> <!-- @BeforeSuite loadConfig -->
</testsuite> <!-- Regression1 -->
